# JRE version: OpenJDK Runtime Environment 18.9 (11.0.14.1+1) (build 11.0.14.1+1)
# Java VM: OpenJDK 64-Bit Server VM 18.9 (11.0.14.1+1, mixed mode, sharing, tiered, compressed oops, g1 gc, linux-amd64)
Heap:
 garbage-first heap   total 116736K, used 92036K [0x0000000086000000, 0x0000000100000000)
  region size 1024K, 52 young (53248K), 1 survivors (1024K)
 Metaspace       used 59795K, capacity 62399K, committed 62592K, reserved 1103872K
  class space    used 6766K, capacity 7770K, committed 7808K, reserved 1048576K
GC Heap History (20 events):
Event: 2104,771 GC heap after
{Heap after GC invocations=85 (full 1):
 garbage-first heap   total 116736K, used 40675K [0x0000000086000000, 0x0000000100000000)
  region size 1024K, 1 young (1024K), 1 survivors (1024K)
 Metaspace       used 59781K, capacity 62393K, committed 62592K, reserved 1103872K
  class space    used 6765K, capacity 7768K, committed 7808K, reserved 1048576K
}
Event: 2135,143 GC heap before
{Heap before GC invocations=85 (full 1):
 garbage-first heap   total 116736K, used 98019K [0x0000000086000000, 0x0000000100000000)
  region size 1024K, 57 young (58368K), 1 survivors (1024K)
 Metaspace       used 59781K, capacity 62393K, committed 62592K, reserved 1103872K
  class space    used 6765K, capacity 7768K, committed 7808K, reserved 1048576K
}
Event: 2135,144 GC heap after
{Heap after GC invocations=86 (full 1):
 garbage-first heap   total 116736K, used 41185K [0x0000000086000000, 0x0000000100000000)
  region size 1024K, 2 young (2048K), 2 survivors (2048K)
 Metaspace       used 59781K, capacity 62393K, committed 62592K, reserved 1103872K
  class space    used 6765K, capacity 7768K, committed 7808K, reserved 1048576K
}
Event: 2165,436 GC heap before
{Heap before GC invocations=86 (full 1):
 garbage-first heap   total 116736K, used 96481K [0x0000000086000000, 0x0000000100000000)
  region size 1024K, 56 young (57344K), 2 survivors (2048K)
 Metaspace       used 59781K, capacity 62393K, committed 62592K, reserved 1103872K
  class space    used 6765K, capacity 7768K, committed 7808K, reserved 1048576K
}
Event: 2165,461 GC heap after
{Heap after GC invocations=87 (full 1):
 garbage-first heap   total 116736K, used 40713K [0x0000000086000000, 0x0000000100000000)
  region size 1024K, 1 young (1024K), 1 survivors (1024K)
 Metaspace       used 59781K, capacity 62393K, committed 62592K, reserved 1103872K
  class space    used 6765K, capacity 7768K, committed 7808K, reserved 1048576K
}
Event: 2196,866 GC heap before
{Heap before GC invocations=87 (full 1):
 garbage-first heap   total 116736K, used 98057K [0x0000000086000000, 0x0000000100000000)
  region size 1024K, 57 young (58368K), 1 survivors (1024K)
 Metaspace       used 59781K, capacity 62393K, committed 62592K, reserved 1103872K
  class space    used 6765K, capacity 7768K, committed 7808K, reserved 1048576K
}
Event: 2196,869 GC heap after
{Heap after GC invocations=88 (full 1):
 garbage-first heap   total 116736K, used 40258K [0x0000000086000000, 0x0000000100000000)
  region size 1024K, 1 young (1024K), 1 survivors (1024K)
 Metaspace       used 59781K, capacity 62393K, committed 62592K, reserved 1103872K
  class space    used 6765K, capacity 7768K, committed 7808K, reserved 1048576K
}
Event: 2227,100 GC heap before
{Heap before GC invocations=88 (full 1):
 garbage-first heap   total 116736K, used 97602K [0x0000000086000000, 0x0000000100000000)
  region size 1024K, 57 young (58368K), 1 survivors (1024K)
 Metaspace       used 59781K, capacity 62393K, committed 62592K, reserved 1103872K
  class space    used 6765K, capacity 7768K, committed 7808K, reserved 1048576K
}
Event: 2227,101 GC heap after
{Heap after GC invocations=89 (full 1):
 garbage-first heap   total 116736K, used 40881K [0x0000000086000000, 0x0000000100000000)
  region size 1024K, 1 young (1024K), 1 survivors (1024K)
 Metaspace       used 59781K, capacity 62393K, committed 62592K, reserved 1103872K
  class space    used 6765K, capacity 7768K, committed 7808K, reserved 1048576K
}
Event: 2258,469 GC heap before
{Heap before GC invocations=89 (full 1):
 garbage-first heap   total 116736K, used 98225K [0x0000000086000000, 0x0000000100000000)
  region size 1024K, 57 young (58368K), 1 survivors (1024K)
 Metaspace       used 59781K, capacity 62393K, committed 62592K, reserved 1103872K
  class space    used 6765K, capacity 7768K, committed 7808K, reserved 1048576K
}
Event: 2258,472 GC heap after
{Heap after GC invocations=90 (full 1):
 garbage-first heap   total 116736K, used 40281K [0x0000000086000000, 0x0000000100000000)
  region size 1024K, 1 young (1024K), 1 survivors (1024K)
 Metaspace       used 59781K, capacity 62393K, committed 62592K, reserved 1103872K
  class space    used 6765K, capacity 7768K, committed 7808K, reserved 1048576K
}
Event: 2288,709 GC heap before
{Heap before GC invocations=90 (full 1):
 garbage-first heap   total 116736K, used 97625K [0x0000000086000000, 0x0000000100000000)
  region size 1024K, 57 young (58368K), 1 survivors (1024K)
 Metaspace       used 59781K, capacity 62393K, committed 62592K, reserved 1103872K
  class space    used 6765K, capacity 7768K, committed 7808K, reserved 1048576K
}
Event: 2288,710 GC heap after
{Heap after GC invocations=91 (full 1):
 garbage-first heap   total 116736K, used 40900K [0x0000000086000000, 0x0000000100000000)
  region size 1024K, 1 young (1024K), 1 survivors (1024K)
 Metaspace       used 59781K, capacity 62393K, committed 62592K, reserved 1103872K
  class space    used 6765K, capacity 7768K, committed 7808K, reserved 1048576K
}
Event: 2319,953 GC heap before
{Heap before GC invocations=91 (full 1):
 garbage-first heap   total 116736K, used 98244K [0x0000000086000000, 0x0000000100000000)
  region size 1024K, 57 young (58368K), 1 survivors (1024K)
 Metaspace       used 59781K, capacity 62393K, committed 62592K, reserved 1103872K
  class space    used 6765K, capacity 7768K, committed 7808K, reserved 1048576K
}
Event: 2319,955 GC heap after
{Heap after GC invocations=92 (full 1):
 garbage-first heap   total 116736K, used 40377K [0x0000000086000000, 0x0000000100000000)
  region size 1024K, 1 young (1024K), 1 survivors (1024K)
 Metaspace       used 59781K, capacity 62393K, committed 62592K, reserved 1103872K
  class space    used 6765K, capacity 7768K, committed 7808K, reserved 1048576K
}
Event: 2350,012 GC heap before
{Heap before GC invocations=92 (full 1):
 garbage-first heap   total 116736K, used 97721K [0x0000000086000000, 0x0000000100000000)
  region size 1024K, 57 young (58368K), 1 survivors (1024K)
 Metaspace       used 59781K, capacity 62393K, committed 62592K, reserved 1103872K
  class space    used 6765K, capacity 7768K, committed 7808K, reserved 1048576K
}
Event: 2350,014 GC heap after
{Heap after GC invocations=93 (full 1):
 garbage-first heap   total 116736K, used 40948K [0x0000000086000000, 0x0000000100000000)
  region size 1024K, 1 young (1024K), 1 survivors (1024K)
 Metaspace       used 59781K, capacity 62393K, committed 62592K, reserved 1103872K
  class space    used 6765K, capacity 7768K, committed 7808K, reserved 1048576K
}
Event: 2381,279 GC heap before
{Heap before GC invocations=93 (full 1):
 garbage-first heap   total 116736K, used 98292K [0x0000000086000000, 0x0000000100000000)
  region size 1024K, 57 young (58368K), 1 survivors (1024K)
 Metaspace       used 59781K, capacity 62393K, committed 62592K, reserved 1103872K
  class space    used 6765K, capacity 7768K, committed 7808K, reserved 1048576K
}
Event: 2381,281 GC heap after
{Heap after GC invocations=94 (full 1):
 garbage-first heap   total 116736K, used 40490K [0x0000000086000000, 0x0000000100000000)
  region size 1024K, 1 young (1024K), 1 survivors (1024K)
 Metaspace       used 59781K, capacity 62393K, committed 62592K, reserved 1103872K
  class space    used 6765K, capacity 7768K, committed 7808K, reserved 1048576K
}
Event: 2407,582 GC heap before
{Heap before GC invocations=94 (full 1):
 garbage-first heap   total 116736K, used 91690K [0x0000000086000000, 0x0000000100000000)
  region size 1024K, 52 young (53248K), 1 survivors (1024K)
 Metaspace       used 59795K, capacity 62399K, committed 62592K, reserved 1103872K
  class space    used 6766K, capacity 7770K, committed 7808K, reserved 1048576K
}

